#
# There is insufficient memory for the Java Runtime Environment to continue.
# Native memory allocation (malloc) failed to allocate 141360 bytes for Chunk::new
# Possible reasons:
#   The system is out of physical RAM or swap space
#   In 32 bit mode, the process size limit was hit
# Possible solutions:
#   Reduce memory load on the system
#   Increase physical memory or swap space
#   Check if swap backing store is full
#   Use 64 bit Java on a 64 bit OS
#   Decrease Java heap size (-Xmx/-Xms)
#   Decrease number of Java threads
#   Decrease Java thread stack sizes (-Xss)
#   Set larger code cache with -XX:ReservedCodeCacheSize=
# This output file may be truncated or incomplete.
#
#  Out of Memory Error (allocation.cpp:390), pid=147256, tid=0x0000000000023b50
#
# JRE version: Java(TM) SE Runtime Environment (8.0_171-b11) (build 1.8.0_171-b11)
# Java VM: Java HotSpot(TM) 64-Bit Server VM (25.171-b11 mixed mode windows-amd64 compressed oops)
# Failed to write core dump. Minidumps are not enabled by default on client versions of Windows
#

---------------  T H R E A D  ---------------

Current thread (0x000000002010f800):  JavaThread "C2 CompilerThread0" daemon [_thread_in_native, id=146256, stack(0x0000000020550000,0x0000000020650000)]

Stack: [0x0000000020550000,0x0000000020650000]
[error occurred during error reporting (printing stack bounds), id 0xc0000005]

Native frames: (J=compiled Java code, j=interpreted, Vv=VM code, C=native code)


Current CompileTask:
C2:  75129  337       4       java.lang.Object::toString (36 bytes)


---------------  P R O C E S S  ---------------

Java Threads: ( => current thread )
  0x0000000020c54000 JavaThread "Thread-0" daemon [_thread_blocked, id=64144, stack(0x0000000021250000,0x0000000021350000)]
  0x00000000201ca000 JavaThread "Service Thread" daemon [_thread_blocked, id=146668, stack(0x0000000020850000,0x0000000020950000)]
  0x0000000020197000 JavaThread "C1 CompilerThread2" daemon [_thread_blocked, id=147520, stack(0x0000000020750000,0x0000000020850000)]
  0x0000000020146800 JavaThread "C2 CompilerThread1" daemon [_thread_in_native, id=148240, stack(0x0000000020650000,0x0000000020750000)]
=>0x000000002010f800 JavaThread "C2 CompilerThread0" daemon [_thread_in_native, id=146256, stack(0x0000000020550000,0x0000000020650000)]
  0x0000000020122800 JavaThread "Monitor Ctrl-Break" daemon [_thread_in_native, id=147852, stack(0x0000000020450000,0x0000000020550000)]
  0x000000001fe92800 JavaThread "Attach Listener" daemon [_thread_blocked, id=143936, stack(0x0000000020350000,0x0000000020450000)]
  0x000000001ea13000 JavaThread "Signal Dispatcher" daemon [_thread_blocked, id=133036, stack(0x0000000020250000,0x0000000020350000)]
  0x000000001e9e9000 JavaThread "Finalizer" daemon [_thread_blocked, id=138692, stack(0x000000001fc50000,0x000000001fd50000)]
  0x0000000005475000 JavaThread "Reference Handler" daemon [_thread_blocked, id=148120, stack(0x000000001fb50000,0x000000001fc50000)]
  0x0000000005385000 JavaThread "main" [_thread_blocked, id=37792, stack(0x0000000005110000,0x0000000005210000)]

Other Threads:
  0x000000001e9c7800 VMThread [stack: 0x000000001fa50000,0x000000001fb50000] [id=145396]
  0x0000000020237000 WatcherThread [stack: 0x0000000020950000,0x0000000020a50000] [id=147524]

VM state:not at safepoint (normal execution)

VM Mutex/Monitor currently owned by a thread: None

Heap:
 PSYoungGen      total 803840K, used 17078K [0x000000076b600000, 0x000000079fa80000, 0x00000007c0000000)
  eden space 788992K, 2% used [0x000000076b600000,0x000000076c6ad988,0x000000079b880000)
  from space 14848K, 0% used [0x000000079ec00000,0x000000079ec00000,0x000000079fa80000)
  to   space 18432K, 0% used [0x000000079d680000,0x000000079d680000,0x000000079e880000)
 ParOldGen       total 2700800K, used 1745025K [0x00000006c2200000, 0x0000000766f80000, 0x000000076b600000)
  object space 2700800K, 64% used [0x00000006c2200000,0x000000072ca20648,0x0000000766f80000)
 Metaspace       used 4407K, capacity 4708K, committed 4992K, reserved 1056768K
  class space    used 480K, capacity 526K, committed 640K, reserved 1048576K

Card table byte_map: [0x0000000014840000,0x0000000015030000] byte_map_base: 0x000000001122f000

Marking Bits: (ParMarkBitMap*) 0x0000000069ec08c0
 Begin Bits: [0x0000000015980000, 0x00000000198f8000)
 End Bits:   [0x00000000198f8000, 0x000000001d870000)

Polling page: 0x00000000034b0000

CodeCache: size=245760Kb used=1778Kb max_used=1791Kb free=243981Kb
 bounds [0x0000000005480000, 0x00000000056f0000, 0x0000000014480000]
 total_blobs=612 nmethods=335 adapters=190
 compilation: enabled

Compilation events (10 events):
Event: 75.092 Thread 0x0000000020146800 nmethod 332 0x0000000005635b10 code [0x0000000005635c60, 0x0000000005636108]
Event: 75.092 Thread 0x0000000020146800  333       4       java.lang.ref.ReferenceQueue::reallyPoll (66 bytes)
Event: 75.093 Thread 0x0000000020146800 nmethod 333 0x0000000005635750 code [0x00000000056358a0, 0x00000000056359c8]
Event: 75.093 Thread 0x0000000020146800  334       4       java.lang.StringBuilder::append (9 bytes)
Event: 75.093 Thread 0x000000002010f800 nmethod 331 0x000000000563f890 code [0x000000000563fa20, 0x0000000005640388]
Event: 75.094 Thread 0x000000002010f800  335       4       java.lang.Integer::numberOfLeadingZeros (76 bytes)
Event: 75.095 Thread 0x000000002010f800 nmethod 335 0x0000000005637c90 code [0x0000000005637dc0, 0x0000000005637e78]
Event: 75.095 Thread 0x000000002010f800  336       4       java.lang.ref.ReferenceQueue::remove (6 bytes)
Event: 75.098 Thread 0x000000002010f800 nmethod 336 0x000000000563a110 code [0x000000000563a2a0, 0x000000000563a840]
Event: 75.098 Thread 0x000000002010f800  337       4       java.lang.Object::toString (36 bytes)

GC Heap History (10 events):
Event: 68.382 GC heap before
{Heap before GC invocations=68 (full 50):
 PSYoungGen      total 786944K, used 770897K [0x000000076b600000, 0x000000079fa80000, 0x00000007c0000000)
  eden space 771072K, 99% used [0x000000076b600000,0x000000079a6d4608,0x000000079a700000)
  from space 15872K, 0% used [0x000000079dc80000,0x000000079dc80000,0x000000079ec00000)
  to   space 14848K, 0% used [0x000000079ec00000,0x000000079ec00000,0x000000079fa80000)
 ParOldGen       total 2700800K, used 1537108K [0x00000006c2200000, 0x0000000766f80000, 0x000000076b600000)
  object space 2700800K, 56% used [0x00000006c2200000,0x000000071ff150e0,0x0000000766f80000)
 Metaspace       used 4407K, capacity 4708K, committed 4992K, reserved 1056768K
  class space    used 480K, capacity 526K, committed 640K, reserved 1048576K
Event: 68.443 GC heap after
Heap after GC invocations=68 (full 50):
 PSYoungGen      total 803840K, used 14464K [0x000000076b600000, 0x000000079fa80000, 0x00000007c0000000)
  eden space 788992K, 0% used [0x000000076b600000,0x000000076b600000,0x000000079b880000)
  from space 14848K, 97% used [0x000000079ec00000,0x000000079fa200e0,0x000000079fa80000)
  to   space 18432K, 0% used [0x000000079d680000,0x000000079d680000,0x000000079e880000)
 ParOldGen       total 2700800K, used 2325600K [0x00000006c2200000, 0x0000000766f80000, 0x000000076b600000)
  object space 2700800K, 86% used [0x00000006c2200000,0x0000000750118100,0x0000000766f80000)
 Metaspace       used 4407K, capacity 4708K, committed 4992K, reserved 1056768K
  class space    used 480K, capacity 526K, committed 640K, reserved 1048576K
}
Event: 68.443 GC heap before
{Heap before GC invocations=69 (full 51):
 PSYoungGen      total 803840K, used 14464K [0x000000076b600000, 0x000000079fa80000, 0x00000007c0000000)
  eden space 788992K, 0% used [0x000000076b600000,0x000000076b600000,0x000000079b880000)
  from space 14848K, 97% used [0x000000079ec00000,0x000000079fa200e0,0x000000079fa80000)
  to   space 18432K, 0% used [0x000000079d680000,0x000000079d680000,0x000000079e880000)
 ParOldGen       total 2700800K, used 2325600K [0x00000006c2200000, 0x0000000766f80000, 0x000000076b600000)
  object space 2700800K, 86% used [0x00000006c2200000,0x0000000750118100,0x0000000766f80000)
 Metaspace       used 4407K, capacity 4708K, committed 4992K, reserved 1056768K
  class space    used 480K, capacity 526K, committed 640K, reserved 1048576K
Event: 68.486 GC heap after
Heap after GC invocations=69 (full 51):
 PSYoungGen      total 803840K, used 0K [0x000000076b600000, 0x000000079fa80000, 0x00000007c0000000)
  eden space 788992K, 0% used [0x000000076b600000,0x000000076b600000,0x000000079b880000)
  from space 14848K, 0% used [0x000000079ec00000,0x000000079ec00000,0x000000079fa80000)
  to   space 18432K, 0% used [0x000000079d680000,0x000000079d680000,0x000000079e880000)
 ParOldGen       total 2700800K, used 2307197K [0x00000006c2200000, 0x0000000766f80000, 0x000000076b600000)
  object space 2700800K, 85% used [0x00000006c2200000,0x000000074ef1f560,0x0000000766f80000)
 Metaspace       used 4407K, capacity 4708K, committed 4992K, reserved 1056768K
  class space    used 480K, capacity 526K, committed 640K, reserved 1048576K
}
Event: 72.528 GC heap before
{Heap before GC invocations=70 (full 52):
 PSYoungGen      total 803840K, used 787984K [0x000000076b600000, 0x000000079fa80000, 0x00000007c0000000)
  eden space 788992K, 99% used [0x000000076b600000,0x000000079b784038,0x000000079b880000)
  from space 14848K, 0% used [0x000000079ec00000,0x000000079ec00000,0x000000079fa80000)
  to   space 18432K, 0% used [0x000000079d680000,0x000000079d680000,0x000000079e880000)
 ParOldGen       total 2700800K, used 2307197K [0x00000006c2200000, 0x0000000766f80000, 0x000000076b600000)
  object space 2700800K, 85% used [0x00000006c2200000,0x000000074ef1f560,0x0000000766f80000)
 Metaspace       used 4407K, capacity 4708K, committed 4992K, reserved 1056768K
  class space    used 480K, capacity 526K, committed 640K, reserved 1048576K
Event: 72.874 GC heap after
Heap after GC invocations=70 (full 52):
 PSYoungGen      total 803840K, used 394246K [0x000000076b600000, 0x000000079fa80000, 0x00000007c0000000)
  eden space 788992K, 49% used [0x000000076b600000,0x0000000783701810,0x000000079b880000)
  from space 14848K, 0% used [0x000000079ec00000,0x000000079ec00000,0x000000079fa80000)
  to   space 18432K, 0% used [0x000000079d680000,0x000000079d680000,0x000000079e880000)
 ParOldGen       total 2700800K, used 2700417K [0x00000006c2200000, 0x0000000766f80000, 0x000000076b600000)
  object space 2700800K, 99% used [0x00000006c2200000,0x0000000766f20448,0x0000000766f80000)
 Metaspace       used 4407K, capacity 4708K, committed 4992K, reserved 1056768K
  class space    used 480K, capacity 526K, committed 640K, reserved 1048576K
}
Event: 74.886 GC heap before
{Heap before GC invocations=71 (full 53):
 PSYoungGen      total 803840K, used 788928K [0x000000076b600000, 0x000000079fa80000, 0x00000007c0000000)
  eden space 788992K, 99% used [0x000000076b600000,0x000000079b8702b8,0x000000079b880000)
  from space 14848K, 0% used [0x000000079ec00000,0x000000079ec00000,0x000000079fa80000)
  to   space 18432K, 0% used [0x000000079d680000,0x000000079d680000,0x000000079e880000)
 ParOldGen       total 2700800K, used 2700417K [0x00000006c2200000, 0x0000000766f80000, 0x000000076b600000)
  object space 2700800K, 99% used [0x00000006c2200000,0x0000000766f20448,0x0000000766f80000)
 Metaspace       used 4407K, capacity 4708K, committed 4992K, reserved 1056768K
  class space    used 480K, capacity 526K, committed 640K, reserved 1048576K
Event: 74.948 GC heap after
Heap after GC invocations=71 (full 53):
 PSYoungGen      total 803840K, used 788507K [0x000000076b600000, 0x000000079fa80000, 0x00000007c0000000)
  eden space 788992K, 99% used [0x000000076b600000,0x000000079b806c70,0x000000079b880000)
  from space 14848K, 0% used [0x000000079ec00000,0x000000079ec00000,0x000000079fa80000)
  to   space 18432K, 0% used [0x000000079d680000,0x000000079d680000,0x000000079e880000)
 ParOldGen       total 2700800K, used 2700417K [0x00000006c2200000, 0x0000000766f80000, 0x000000076b600000)
  object space 2700800K, 99% used [0x00000006c2200000,0x0000000766f20448,0x0000000766f80000)
 Metaspace       used 4407K, capacity 4708K, committed 4992K, reserved 1056768K
  class space    used 480K, capacity 526K, committed 640K, reserved 1048576K
}
Event: 74.948 GC heap before
{Heap before GC invocations=72 (full 54):
 PSYoungGen      total 803840K, used 788507K [0x000000076b600000, 0x000000079fa80000, 0x00000007c0000000)
  eden space 788992K, 99% used [0x000000076b600000,0x000000079b806c70,0x000000079b880000)
  from space 14848K, 0% used [0x000000079ec00000,0x000000079ec00000,0x000000079fa80000)
  to   space 18432K, 0% used [0x000000079d680000,0x000000079d680000,0x000000079e880000)
 ParOldGen       total 2700800K, used 2700417K [0x00000006c2200000, 0x0000000766f80000, 0x000000076b600000)
  object space 2700800K, 99% used [0x00000006c2200000,0x0000000766f20448,0x0000000766f80000)
 Metaspace       used 4407K, capacity 4708K, committed 4992K, reserved 1056768K
  class space    used 480K, capacity 526K, committed 640K, reserved 1048576K
Event: 75.090 GC heap after
Heap after GC invocations=72 (full 54):
 PSYoungGen      total 803840K, used 0K [0x000000076b600000, 0x000000079fa80000, 0x00000007c0000000)
  eden space 788992K, 0% used [0x000000076b600000,0x000000076b600000,0x000000079b880000)
  from space 14848K, 0% used [0x000000079ec00000,0x000000079ec00000,0x000000079fa80000)
  to   space 18432K, 0% used [0x000000079d680000,0x000000079d680000,0x000000079e880000)
 ParOldGen       total 2700800K, used 1745025K [0x00000006c2200000, 0x0000000766f80000, 0x000000076b600000)
  object space 2700800K, 64% used [0x00000006c2200000,0x000000072ca20648,0x0000000766f80000)
 Metaspace       used 4407K, capacity 4708K, committed 4992K, reserved 1056768K
  class space    used 480K, capacity 526K, committed 640K, reserved 1048576K
}

Deoptimization events (0 events):
No events

Classes redefined (0 events):
No events

Internal exceptions (4 events):
Event: 0.036 Thread 0x0000000005385000 Exception <a 'java/lang/NoSuchMethodError': Method sun.misc.Unsafe.defineClass(Ljava/lang/String;[BII)Ljava/lang/Class; name or signature does not match> (0x000000076b607cb0) thrown at [C:\re\workspace\8-2-build-windows-amd64-cygwin\jdk8u171\10807\hotspot
Event: 0.036 Thread 0x0000000005385000 Exception <a 'java/lang/NoSuchMethodError': Method sun.misc.Unsafe.prefetchRead(Ljava/lang/Object;J)V name or signature does not match> (0x000000076b607f98) thrown at [C:\re\workspace\8-2-build-windows-amd64-cygwin\jdk8u171\10807\hotspot\src\share\vm\prim
Event: 0.243 Thread 0x0000000005385000 Exception <a 'java/lang/NoSuchFieldError': method resolution failed> (0x000000076bc73480) thrown at [C:\re\workspace\8-2-build-windows-amd64-cygwin\jdk8u171\10807\hotspot\src\share\vm\prims\methodHandles.cpp, line 1167]
Event: 0.253 Thread 0x0000000005385000 Exception <a 'java/lang/NoSuchFieldError': method resolution failed> (0x000000076bc81328) thrown at [C:\re\workspace\8-2-build-windows-amd64-cygwin\jdk8u171\10807\hotspot\src\share\vm\prims\methodHandles.cpp, line 1167]

Events (10 events):
Event: 60.259 Executing VM operation: ParallelGCFailedAllocation
Event: 60.382 Executing VM operation: ParallelGCFailedAllocation done
Event: 64.293 Executing VM operation: ParallelGCFailedAllocation
Event: 64.429 Executing VM operation: ParallelGCFailedAllocation done
Event: 68.382 Executing VM operation: ParallelGCFailedAllocation
Event: 68.486 Executing VM operation: ParallelGCFailedAllocation done
Event: 72.528 Executing VM operation: ParallelGCFailedAllocation
Event: 72.874 Executing VM operation: ParallelGCFailedAllocation done
Event: 74.886 Executing VM operation: ParallelGCFailedAllocation
Event: 75.090 Executing VM operation: ParallelGCFailedAllocation done


Dynamic libraries:
0x00007ff678520000 - 0x00007ff678557000 	D:\Java\tool\jdk1.8.0_171\bin\java.exe
0x00007fff18860000 - 0x00007fff18a40000 	C:\windows\SYSTEM32\ntdll.dll
0x00007fff16270000 - 0x00007fff1631e000 	C:\windows\System32\KERNEL32.DLL
0x00007fff15290000 - 0x00007fff154f6000 	C:\windows\System32\KERNELBASE.dll
0x00007fff16d00000 - 0x00007fff16da1000 	C:\windows\System32\ADVAPI32.dll
0x00007fff15c10000 - 0x00007fff15cad000 	C:\windows\System32\msvcrt.dll
0x00007fff16e10000 - 0x00007fff16e6b000 	C:\windows\System32\sechost.dll
0x00007fff18710000 - 0x00007fff1882f000 	C:\windows\System32\RPCRT4.dll
0x00007fff16500000 - 0x00007fff1668f000 	C:\windows\System32\USER32.dll
0x00007fff14a30000 - 0x00007fff14a50000 	C:\windows\System32\win32u.dll
0x00007fff16240000 - 0x00007fff16268000 	C:\windows\System32\GDI32.dll
0x00007fff15960000 - 0x00007fff15af3000 	C:\windows\System32\gdi32full.dll
0x00007fff151f0000 - 0x00007fff1528b000 	C:\windows\System32\msvcp_win.dll
0x00007fff15690000 - 0x00007fff15786000 	C:\windows\System32\ucrtbase.dll
0x00007fff05990000 - 0x00007fff05bf9000 	C:\windows\WinSxS\amd64_microsoft.windows.common-controls_6595b64144ccf1df_6.0.16299.431_none_15c7d3ee93659e73\COMCTL32.dll
0x00007fff16e70000 - 0x00007fff17178000 	C:\windows\System32\combase.dll
0x00007fff15b00000 - 0x00007fff15b72000 	C:\windows\System32\bcryptPrimitives.dll
0x00007fff16090000 - 0x00007fff160bd000 	C:\windows\System32\IMM32.DLL
0x0000000069f40000 - 0x000000006a012000 	D:\Java\tool\jdk1.8.0_171\jre\bin\msvcr100.dll
0x00000000696a0000 - 0x0000000069f40000 	D:\Java\tool\jdk1.8.0_171\jre\bin\server\jvm.dll
0x00007fff15500000 - 0x00007fff15523000 	C:\windows\System32\WINMM.dll
0x00007fff14940000 - 0x00007fff1496a000 	C:\windows\System32\WINMMBASE.dll
0x00007fff14980000 - 0x00007fff149ca000 	C:\windows\System32\cfgmgr32.dll
0x00007fff15cb0000 - 0x00007fff15cb8000 	C:\windows\System32\PSAPI.DLL
0x00007fff12eb0000 - 0x00007fff12eb9000 	C:\windows\SYSTEM32\WSOCK32.dll
0x00007fff16020000 - 0x00007fff1608c000 	C:\windows\System32\WS2_32.dll
0x00007fff0f980000 - 0x00007fff0f98a000 	C:\windows\SYSTEM32\VERSION.dll
0x0000000069690000 - 0x000000006969f000 	D:\Java\tool\jdk1.8.0_171\jre\bin\verify.dll
0x0000000069660000 - 0x0000000069689000 	D:\Java\tool\jdk1.8.0_171\jre\bin\java.dll
0x00000000694e0000 - 0x0000000069503000 	D:\Java\tool\jdk1.8.0_171\jre\bin\instrument.dll
0x0000000069640000 - 0x0000000069656000 	D:\Java\tool\jdk1.8.0_171\jre\bin\zip.dll
0x00007fff172d0000 - 0x00007fff18708000 	C:\windows\System32\SHELL32.dll
0x00007fff16320000 - 0x00007fff163c6000 	C:\windows\System32\shcore.dll
0x00007fff14aa0000 - 0x00007fff151e7000 	C:\windows\System32\windows.storage.dll
0x00007fff16490000 - 0x00007fff164e1000 	C:\windows\System32\shlwapi.dll
0x00007fff14900000 - 0x00007fff14911000 	C:\windows\System32\kernel.appcore.dll
0x00007fff14a50000 - 0x00007fff14a9c000 	C:\windows\System32\powrprof.dll
0x00007fff148e0000 - 0x00007fff148fb000 	C:\windows\System32\profapi.dll
0x00007fff119d0000 - 0x00007fff119ea000 	D:\Program Files\JetBrains\IntelliJ IDEA 2018.1.1\bin\breakgen64.dll
0x0000000069620000 - 0x000000006963a000 	D:\Java\tool\jdk1.8.0_171\jre\bin\net.dll
0x00007fff140c0000 - 0x00007fff14126000 	C:\windows\system32\mswsock.dll

VM Arguments:
jvm_args: -javaagent:D:\Program Files\JetBrains\IntelliJ IDEA 2018.1.1\lib\idea_rt.jar=54202:D:\Program Files\JetBrains\IntelliJ IDEA 2018.1.1\bin -Dfile.encoding=UTF-8 
java_command: TestB
java_class_path (initial): D:\Java\tool\jdk1.8.0_171\jre\lib\charsets.jar;D:\Java\tool\jdk1.8.0_171\jre\lib\deploy.jar;D:\Java\tool\jdk1.8.0_171\jre\lib\ext\access-bridge-64.jar;D:\Java\tool\jdk1.8.0_171\jre\lib\ext\cldrdata.jar;D:\Java\tool\jdk1.8.0_171\jre\lib\ext\dnsns.jar;D:\Java\tool\jdk1.8.0_171\jre\lib\ext\jaccess.jar;D:\Java\tool\jdk1.8.0_171\jre\lib\ext\jfxrt.jar;D:\Java\tool\jdk1.8.0_171\jre\lib\ext\localedata.jar;D:\Java\tool\jdk1.8.0_171\jre\lib\ext\nashorn.jar;D:\Java\tool\jdk1.8.0_171\jre\lib\ext\sunec.jar;D:\Java\tool\jdk1.8.0_171\jre\lib\ext\sunjce_provider.jar;D:\Java\tool\jdk1.8.0_171\jre\lib\ext\sunmscapi.jar;D:\Java\tool\jdk1.8.0_171\jre\lib\ext\sunpkcs11.jar;D:\Java\tool\jdk1.8.0_171\jre\lib\ext\zipfs.jar;D:\Java\tool\jdk1.8.0_171\jre\lib\javaws.jar;D:\Java\tool\jdk1.8.0_171\jre\lib\jce.jar;D:\Java\tool\jdk1.8.0_171\jre\lib\jfr.jar;D:\Java\tool\jdk1.8.0_171\jre\lib\jfxswt.jar;D:\Java\tool\jdk1.8.0_171\jre\lib\jsse.jar;D:\Java\tool\jdk1.8.0_171\jre\lib\management-agent.jar;D:\Java\tool\jdk1.8.0_171\jre\lib\plugin.jar;D:\Java\tool\jdk1.8.0_171\jre\lib\resources.jar;D:\Java\tool\jdk1.8.0_171\jre\lib\rt.jar;D:\workspace\localTest\target\classes;C:\Users\Administrator\.ivy2\cache\org.scala-lang\scala-library\jars\scala-library-2.12.2.jar;C:\Users\Administrator\.ivy2\cache\org.scala-lang\scala-reflect\jars\scala-reflect-2.12.2.jar;C:\Users\Administrator\.ivy2\cache\org.scala-lang\scala-library\srcs\scala-library-2.12.2-sources.jar;C:\Users\Administrator\.ivy2\cache\org.scala-lang\scala-reflect\srcs\scala-reflect-2.12.2-sources.jar;C:\Users\Administrator\.m2\repository\org\apache\zookeeper\zookeeper\3.4.9\zookeeper-3.4.9.jar;C:\Users\Administrator\.m2\repository\org\slf4j\slf4j-api\1.6.1\slf4j-api-1.6.1.jar;C:\Users\Administrator\.m2\repository\org\slf4j\slf4j-log4j12\1.6.1\slf4j-log4j12-1.6.1.jar;C:\Users\Administrator\.m2\repository\log4j\log4j\1.2.16\log4j-1.2.16.jar;C:\Users\Administrator\.m2\repository\jline\jline\0.9.94\jline-0.9.94.jar;C:\User
Launcher Type: SUN_STANDARD

Environment Variables:
JAVA_HOME=D:\Java\tool\jdk1.8.0_171
CLASSPATH=.;D:\Java\tool\jdk1.8.0_171\lib\dt.jar;D:\Java\tool\jdk1.8.0_171\lib\tools.jar;%SCALA_HOME%\bin;%SCALA_HOME%\lib\dt.jar;%SCALA_HOME%\lib\tools.jar;C:\redis\jedis-2.9.0.jar;D:\Java\tool\tomcat8\apache-tomcat-8.5.32\bin;
PATH=D:\Ruby25-x64\bin;C:\Program Files\Docker\Docker\Resources\bin;D:\Java\tool\jdk1.8.0_171\bin;D:\Java\tool\jdk1.8.0_171\jre\bin;C:\windows\system32;C:\windows;C:\windows\System32\Wbem;C:\windows\System32\WindowsPowerShell\v1.0\;D:\Program Files\Git\cmd;D:\Java\tool\apache-maven-3.5.3\bin\;C:\Program Files\CMake\bin;C:\MinGW\bin;C:\Program Files (x86)\scala\bin;D:\Java\tool\scala\bin;D:\Java\tool\scala\jre\bin;C:\redis;D:\Java\tool\sbt\\bin;C:\Program Files (x86)\sbt\bin;D:\Program Files\nodejs\;C:\Program Files\dotnet\;C:\Program Files\Microsoft SQL Server\130\Tools\Binn\;C:\Program Files\Microsoft SQL Server\Client SDK\ODBC\170\Tools\Binn\;D:\Go\bin;C:\ProgramData\chocolatey\bin;C:\Users\Administrator\AppData\Local\Microsoft\WindowsApps;C:\Users\Administrator\AppData\Local\atom\bin;C:\MinGW\bin;D:\Program Files\nodejs\node_global;C:\Users\Administrator\AppData\Roaming\npm;D:\Program Files (x86)\Microsoft VS Code\bin;C:\Users\Administrator\go\bin
USERNAME=Administrator
OS=Windows_NT
PROCESSOR_IDENTIFIER=Intel64 Family 6 Model 158 Stepping 9, GenuineIntel



---------------  S Y S T E M  ---------------

OS: Windows 10.0 , 64 bit Build 16299 (10.0.16299.431)

CPU:total 4 (initial active 4) (4 cores per cpu, 1 threads per core) family 6 model 158 stepping 9, cmov, cx8, fxsr, mmx, sse, sse2, sse3, ssse3, sse4.1, sse4.2, popcnt, avx, avx2, aes, clmul, erms, 3dnowpref, lzcnt, tsc, tscinvbit, bmi1, bmi2, adx

Memory: 4k page, physical 16636464k(1207200k free), swap 24734976k(4184k free)

vm_info: Java HotSpot(TM) 64-Bit Server VM (25.171-b11) for windows-amd64 JRE (1.8.0_171-b11), built on Mar 28 2018 16:06:12 by "java_re" with MS VC++ 10.0 (VS2010)

time: Wed Dec 04 15:46:24 2019
elapsed time: 75 seconds (0d 0h 1m 15s)

